<?xml version="1.0" encoding="UTF-8"?>
<!-- Generated by org.testng.reporters.JUnitReportReporter -->
<testsuite skipped="0" hostname="del1-lhp-n65226" name="mavenwebdriver.mavenwebtestclass" tests="1" failures="0" timestamp="06 Aug 2019 11:38:55 GMT" time="9.624" errors="0">
  <testcase name="tc1" time="9.624" classname="mavenwebdriver.mavenwebtestclass"/>
</testsuite> <!-- mavenwebdriver.mavenwebtestclass -->
