<?xml version="1.0" encoding="UTF-8"?>
<!-- Generated by org.testng.reporters.JUnitReportReporter -->
<testsuite skipped="0" hostname="del1-lhp-n65226" name="maven1.maventestNGclass" tests="1" failures="0" timestamp="06 Aug 2019 10:54:07 GMT" time="0.000" errors="0">
  <testcase name="tc1" time="0.000" classname="maven1.maventestNGclass"/>
</testsuite> <!-- maven1.maventestNGclass -->
